<?xml version="1.0" encoding="UTF-8"?>
<testng-results ignored="3" total="36" passed="26" failed="7" skipped="0">
  <reporter-output>
  </reporter-output>
  <suite started-at="2020-06-23T22:26:31Z" name="All Test Suite" finished-at="2020-06-23T22:27:03Z" duration-ms="32031">
    <groups>
    </groups>
    <test started-at="2020-06-23T22:26:31Z" name="ChromeTests" finished-at="2020-06-23T22:26:56Z" duration-ms="24572">
      <class name="cart.CartPageTests">
        <test-method is-config="true" signature="setUp(java.lang.String)[pri:0, instance:cart.CartPageTests@1d9b7cce]" started-at="2020-06-23T22:26:31Z" name="setUp" finished-at="2020-06-23T22:26:39Z" duration-ms="7491" status="PASS">
          <params>
            <param index="0">
              <value>
                <![CDATA[chrome]]>
              </value>
            </param>
          </params>
          <reporter-output>
          </reporter-output>
        </test-method> <!-- setUp -->
        <test-method signature="testAddToCart()[pri:0, instance:cart.CartPageTests@1d9b7cce]" started-at="2020-06-23T22:26:39Z" name="testAddToCart" finished-at="2020-06-23T22:26:45Z" duration-ms="6312" status="PASS">
          <reporter-output>
          </reporter-output>
        </test-method> <!-- testAddToCart -->
        <test-method signature="testEditCartQuantity()[pri:0, instance:cart.CartPageTests@1d9b7cce]" started-at="2020-06-23T22:26:45Z" name="testEditCartQuantity" finished-at="2020-06-23T22:26:48Z" duration-ms="2263" status="PASS">
          <reporter-output>
          </reporter-output>
        </test-method> <!-- testEditCartQuantity -->
        <test-method signature="testDeleteFromCart()[pri:0, instance:cart.CartPageTests@1d9b7cce]" started-at="2020-06-23T22:26:48Z" name="testDeleteFromCart" finished-at="2020-06-23T22:26:49Z" duration-ms="1088" status="FAIL">
          <exception class="org.openqa.selenium.NoSuchElementException">
            <message>
              <![CDATA[no such element: Unable to locate element: {"method":"xpath","selector":"//p[text()='Delete from Cart']"}
  (Session info: chrome=83.0.4103.116)
For documentation on this error, please visit: https://www.seleniumhq.org/exceptions/no_such_element.html
Build info: version: '3.141.59', revision: 'e82be7d358', time: '2018-11-14T08:17:03'
System info: host: 'Naders-MacBook-Pro.local', ip: '192.168.1.8', os.name: 'Mac OS X', os.arch: 'x86_64', os.version: '10.13.6', java.version: '11.0.7'
Driver info: org.openqa.selenium.chrome.ChromeDriver
Capabilities {acceptInsecureCerts: false, browserName: chrome, browserVersion: 83.0.4103.116, chrome: {chromedriverVersion: 83.0.4103.39 (ccbf011cb2d2b..., userDataDir: /var/folders/85/xc_hr2yx7n3...}, goog:chromeOptions: {debuggerAddress: localhost:56760}, javascriptEnabled: true, networkConnectionEnabled: false, pageLoadStrategy: normal, platform: MAC, platformName: MAC, proxy: Proxy(), setWindowRect: true, strictFileInteractability: false, timeouts: {implicit: 0, pageLoad: 300000, script: 30000}, unhandledPromptBehavior: dismiss and notify, webauthn:virtualAuthenticators: true}
Session ID: 6b54a34f14cd30efff032940f279c7cf
*** Element info: {Using=xpath, value=//p[text()='Delete from Cart']}]]>
            </message>
            <full-stacktrace>
              <![CDATA[org.openqa.selenium.NoSuchElementException: no such element: Unable to locate element: {"method":"xpath","selector":"//p[text()='Delete from Cart']"}
  (Session info: chrome=83.0.4103.116)
For documentation on this error, please visit: https://www.seleniumhq.org/exceptions/no_such_element.html
Build info: version: '3.141.59', revision: 'e82be7d358', time: '2018-11-14T08:17:03'
System info: host: 'Naders-MacBook-Pro.local', ip: '192.168.1.8', os.name: 'Mac OS X', os.arch: 'x86_64', os.version: '10.13.6', java.version: '11.0.7'
Driver info: org.openqa.selenium.chrome.ChromeDriver
Capabilities {acceptInsecureCerts: false, browserName: chrome, browserVersion: 83.0.4103.116, chrome: {chromedriverVersion: 83.0.4103.39 (ccbf011cb2d2b..., userDataDir: /var/folders/85/xc_hr2yx7n3...}, goog:chromeOptions: {debuggerAddress: localhost:56760}, javascriptEnabled: true, networkConnectionEnabled: false, pageLoadStrategy: normal, platform: MAC, platformName: MAC, proxy: Proxy(), setWindowRect: true, strictFileInteractability: false, timeouts: {implicit: 0, pageLoad: 300000, script: 30000}, unhandledPromptBehavior: dismiss and notify, webauthn:virtualAuthenticators: true}
Session ID: 6b54a34f14cd30efff032940f279c7cf
*** Element info: {Using=xpath, value=//p[text()='Delete from Cart']}
at java.base/jdk.internal.reflect.NativeConstructorAccessorImpl.newInstance0(Native Method)
at java.base/jdk.internal.reflect.NativeConstructorAccessorImpl.newInstance(NativeConstructorAccessorImpl.java:62)
at java.base/jdk.internal.reflect.DelegatingConstructorAccessorImpl.newInstance(DelegatingConstructorAccessorImpl.java:45)
at java.base/java.lang.reflect.Constructor.newInstance(Constructor.java:490)
at org.openqa.selenium.remote.http.W3CHttpResponseCodec.createException(W3CHttpResponseCodec.java:187)
at org.openqa.selenium.remote.http.W3CHttpResponseCodec.decode(W3CHttpResponseCodec.java:122)
at org.openqa.selenium.remote.http.W3CHttpResponseCodec.decode(W3CHttpResponseCodec.java:49)
at org.openqa.selenium.remote.HttpCommandExecutor.execute(HttpCommandExecutor.java:158)
at org.openqa.selenium.remote.service.DriverCommandExecutor.execute(DriverCommandExecutor.java:83)
at org.openqa.selenium.remote.RemoteWebDriver.execute(RemoteWebDriver.java:552)
at org.openqa.selenium.remote.RemoteWebDriver.findElement(RemoteWebDriver.java:323)
at org.openqa.selenium.remote.RemoteWebDriver.findElementByXPath(RemoteWebDriver.java:428)
at org.openqa.selenium.By$ByXPath.findElement(By.java:353)
at org.openqa.selenium.remote.RemoteWebDriver.findElement(RemoteWebDriver.java:315)
at pages.CartPage.deleteFromCart(CartPage.java:36)
at cart.CartPageTests.testDeleteFromCart(CartPageTests.java:55)
at java.base/jdk.internal.reflect.NativeMethodAccessorImpl.invoke0(Native Method)
at java.base/jdk.internal.reflect.NativeMethodAccessorImpl.invoke(NativeMethodAccessorImpl.java:62)
at java.base/jdk.internal.reflect.DelegatingMethodAccessorImpl.invoke(DelegatingMethodAccessorImpl.java:43)
at java.base/java.lang.reflect.Method.invoke(Method.java:566)
at org.testng.internal.MethodInvocationHelper.invokeMethod(MethodInvocationHelper.java:124)
at org.testng.internal.Invoker.invokeMethod(Invoker.java:583)
at org.testng.internal.Invoker.invokeTestMethod(Invoker.java:719)
at org.testng.internal.Invoker.invokeTestMethods(Invoker.java:989)
at org.testng.internal.TestMethodWorker.invokeTestMethods(TestMethodWorker.java:125)
at org.testng.internal.TestMethodWorker.run(TestMethodWorker.java:109)
at org.testng.TestRunner.privateRun(TestRunner.java:648)
at org.testng.TestRunner.run(TestRunner.java:505)
at org.testng.SuiteRunner.runTest(SuiteRunner.java:455)
at org.testng.SuiteRunner.access$000(SuiteRunner.java:40)
at org.testng.SuiteRunner$SuiteWorker.run(SuiteRunner.java:489)
at org.testng.internal.thread.ThreadUtil$1.call(ThreadUtil.java:52)
at java.base/java.util.concurrent.FutureTask.run(FutureTask.java:264)
at java.base/java.util.concurrent.ThreadPoolExecutor.runWorker(ThreadPoolExecutor.java:1128)
at java.base/java.util.concurrent.ThreadPoolExecutor$Worker.run(ThreadPoolExecutor.java:628)
at java.base/java.lang.Thread.run(Thread.java:834)
]]>
            </full-stacktrace>
          </exception> <!-- org.openqa.selenium.NoSuchElementException -->
          <reporter-output>
          </reporter-output>
        </test-method> <!-- testDeleteFromCart -->
        <test-method signature="testEditWithInvalidInput()[pri:0, instance:cart.CartPageTests@1d9b7cce]" started-at="2020-06-23T22:26:49Z" name="testEditWithInvalidInput" finished-at="2020-06-23T22:26:49Z" duration-ms="61" status="PASS">
          <reporter-output>
          </reporter-output>
        </test-method> <!-- testEditWithInvalidInput -->
        <test-method signature="testValidCoupon()[pri:0, instance:cart.CartPageTests@1d9b7cce]" started-at="2020-06-23T22:26:49Z" name="testValidCoupon" finished-at="2020-06-23T22:26:49Z" duration-ms="33" status="PASS">
          <reporter-output>
          </reporter-output>
        </test-method> <!-- testValidCoupon -->
        <test-method signature="testInvalidCoupon()[pri:0, instance:cart.CartPageTests@1d9b7cce]" started-at="2020-06-23T22:26:49Z" name="testInvalidCoupon" finished-at="2020-06-23T22:26:49Z" duration-ms="39" status="PASS">
          <reporter-output>
          </reporter-output>
        </test-method> <!-- testInvalidCoupon -->
        <test-method signature="testDeleteValidCoupon()[pri:0, instance:cart.CartPageTests@1d9b7cce]" started-at="2020-06-23T22:26:49Z" name="testDeleteValidCoupon" finished-at="2020-06-23T22:26:49Z" duration-ms="47" status="PASS">
          <reporter-output>
          </reporter-output>
        </test-method> <!-- testDeleteValidCoupon -->
        <test-method is-config="true" signature="cleanUp()[pri:0, instance:cart.CartPageTests@1d9b7cce]" started-at="2020-06-23T22:26:49Z" name="cleanUp" finished-at="2020-06-23T22:26:49Z" duration-ms="174" status="PASS">
          <reporter-output>
          </reporter-output>
        </test-method> <!-- cleanUp -->
      </class> <!-- cart.CartPageTests -->
      <class name="news.NewsPageTests">
        <test-method is-config="true" signature="setUp(java.lang.String)[pri:0, instance:news.NewsPageTests@4d9e68d0]" started-at="2020-06-23T22:26:49Z" name="setUp" finished-at="2020-06-23T22:26:53Z" duration-ms="3998" status="PASS">
          <params>
            <param index="0">
              <value>
                <![CDATA[chrome]]>
              </value>
            </param>
          </params>
          <reporter-output>
          </reporter-output>
        </test-method> <!-- setUp -->
        <test-method signature="isNewsPage()[pri:0, instance:news.NewsPageTests@4d9e68d0]" started-at="2020-06-23T22:26:53Z" name="isNewsPage" finished-at="2020-06-23T22:26:53Z" duration-ms="423" status="PASS">
          <reporter-output>
          </reporter-output>
        </test-method> <!-- isNewsPage -->
        <test-method signature="addNewNews()[pri:0, instance:news.NewsPageTests@4d9e68d0]" started-at="2020-06-23T22:26:53Z" name="addNewNews" finished-at="2020-06-23T22:26:54Z" duration-ms="767" status="PASS">
          <reporter-output>
          </reporter-output>
        </test-method> <!-- addNewNews -->
        <test-method signature="addNewsWithoutHeading()[pri:0, instance:news.NewsPageTests@4d9e68d0]" started-at="2020-06-23T22:26:54Z" name="addNewsWithoutHeading" finished-at="2020-06-23T22:26:55Z" duration-ms="713" status="FAIL">
          <exception class="java.lang.AssertionError">
            <message>
              <![CDATA[News without a title is added expected [b] but found [a]]]>
            </message>
            <full-stacktrace>
              <![CDATA[java.lang.AssertionError: News without a title is added expected [b] but found [a]
at org.testng.Assert.fail(Assert.java:96)
at org.testng.Assert.failNotEquals(Assert.java:776)
at org.testng.Assert.assertEqualsImpl(Assert.java:137)
at org.testng.Assert.assertEquals(Assert.java:118)
at org.testng.Assert.assertEquals(Assert.java:453)
at news.NewsPageTests.addNewsWithoutHeading(NewsPageTests.java:43)
at java.base/jdk.internal.reflect.NativeMethodAccessorImpl.invoke0(Native Method)
at java.base/jdk.internal.reflect.NativeMethodAccessorImpl.invoke(NativeMethodAccessorImpl.java:62)
at java.base/jdk.internal.reflect.DelegatingMethodAccessorImpl.invoke(DelegatingMethodAccessorImpl.java:43)
at java.base/java.lang.reflect.Method.invoke(Method.java:566)
at org.testng.internal.MethodInvocationHelper.invokeMethod(MethodInvocationHelper.java:124)
at org.testng.internal.Invoker.invokeMethod(Invoker.java:583)
at org.testng.internal.Invoker.invokeTestMethod(Invoker.java:719)
at org.testng.internal.Invoker.invokeTestMethods(Invoker.java:989)
at org.testng.internal.TestMethodWorker.invokeTestMethods(TestMethodWorker.java:125)
at org.testng.internal.TestMethodWorker.run(TestMethodWorker.java:109)
at org.testng.TestRunner.privateRun(TestRunner.java:648)
at org.testng.TestRunner.run(TestRunner.java:505)
at org.testng.SuiteRunner.runTest(SuiteRunner.java:455)
at org.testng.SuiteRunner.access$000(SuiteRunner.java:40)
at org.testng.SuiteRunner$SuiteWorker.run(SuiteRunner.java:489)
at org.testng.internal.thread.ThreadUtil$1.call(ThreadUtil.java:52)
at java.base/java.util.concurrent.FutureTask.run(FutureTask.java:264)
at java.base/java.util.concurrent.ThreadPoolExecutor.runWorker(ThreadPoolExecutor.java:1128)
at java.base/java.util.concurrent.ThreadPoolExecutor$Worker.run(ThreadPoolExecutor.java:628)
at java.base/java.lang.Thread.run(Thread.java:834)
]]>
            </full-stacktrace>
          </exception> <!-- java.lang.AssertionError -->
          <reporter-output>
          </reporter-output>
        </test-method> <!-- addNewsWithoutHeading -->
        <test-method signature="addNewsWithoutBody()[pri:0, instance:news.NewsPageTests@4d9e68d0]" started-at="2020-06-23T22:26:55Z" name="addNewsWithoutBody" finished-at="2020-06-23T22:26:56Z" duration-ms="706" status="FAIL">
          <exception class="java.lang.AssertionError">
            <message>
              <![CDATA[News without a body is added expected [b] but found [a]]]>
            </message>
            <full-stacktrace>
              <![CDATA[java.lang.AssertionError: News without a body is added expected [b] but found [a]
at org.testng.Assert.fail(Assert.java:96)
at org.testng.Assert.failNotEquals(Assert.java:776)
at org.testng.Assert.assertEqualsImpl(Assert.java:137)
at org.testng.Assert.assertEquals(Assert.java:118)
at org.testng.Assert.assertEquals(Assert.java:453)
at news.NewsPageTests.addNewsWithoutBody(NewsPageTests.java:54)
at java.base/jdk.internal.reflect.NativeMethodAccessorImpl.invoke0(Native Method)
at java.base/jdk.internal.reflect.NativeMethodAccessorImpl.invoke(NativeMethodAccessorImpl.java:62)
at java.base/jdk.internal.reflect.DelegatingMethodAccessorImpl.invoke(DelegatingMethodAccessorImpl.java:43)
at java.base/java.lang.reflect.Method.invoke(Method.java:566)
at org.testng.internal.MethodInvocationHelper.invokeMethod(MethodInvocationHelper.java:124)
at org.testng.internal.Invoker.invokeMethod(Invoker.java:583)
at org.testng.internal.Invoker.invokeTestMethod(Invoker.java:719)
at org.testng.internal.Invoker.invokeTestMethods(Invoker.java:989)
at org.testng.internal.TestMethodWorker.invokeTestMethods(TestMethodWorker.java:125)
at org.testng.internal.TestMethodWorker.run(TestMethodWorker.java:109)
at org.testng.TestRunner.privateRun(TestRunner.java:648)
at org.testng.TestRunner.run(TestRunner.java:505)
at org.testng.SuiteRunner.runTest(SuiteRunner.java:455)
at org.testng.SuiteRunner.access$000(SuiteRunner.java:40)
at org.testng.SuiteRunner$SuiteWorker.run(SuiteRunner.java:489)
at org.testng.internal.thread.ThreadUtil$1.call(ThreadUtil.java:52)
at java.base/java.util.concurrent.FutureTask.run(FutureTask.java:264)
at java.base/java.util.concurrent.ThreadPoolExecutor.runWorker(ThreadPoolExecutor.java:1128)
at java.base/java.util.concurrent.ThreadPoolExecutor$Worker.run(ThreadPoolExecutor.java:628)
at java.base/java.lang.Thread.run(Thread.java:834)
]]>
            </full-stacktrace>
          </exception> <!-- java.lang.AssertionError -->
          <reporter-output>
          </reporter-output>
        </test-method> <!-- addNewsWithoutBody -->
        <test-method is-config="true" signature="cleanUp()[pri:0, instance:news.NewsPageTests@4d9e68d0]" started-at="2020-06-23T22:26:56Z" name="cleanUp" finished-at="2020-06-23T22:26:56Z" duration-ms="376" status="PASS">
          <reporter-output>
          </reporter-output>
        </test-method> <!-- cleanUp -->
      </class> <!-- news.NewsPageTests -->
    </test> <!-- ChromeTests -->
    <test started-at="2020-06-23T22:26:31Z" name="OperaTests" finished-at="2020-06-23T22:27:02Z" duration-ms="30204">
      <class name="news.NewsPageTests">
        <test-method is-config="true" signature="setUp(java.lang.String)[pri:0, instance:news.NewsPageTests@7fa98a66]" started-at="2020-06-23T22:26:43Z" name="setUp" finished-at="2020-06-23T22:26:53Z" duration-ms="9721" status="PASS">
          <params>
            <param index="0">
              <value>
                <![CDATA[opera]]>
              </value>
            </param>
          </params>
          <reporter-output>
          </reporter-output>
        </test-method> <!-- setUp -->
        <test-method signature="isNewsPage()[pri:0, instance:news.NewsPageTests@7fa98a66]" started-at="2020-06-23T22:26:53Z" name="isNewsPage" finished-at="2020-06-23T22:26:59Z" duration-ms="5624" status="PASS">
          <reporter-output>
          </reporter-output>
        </test-method> <!-- isNewsPage -->
        <test-method signature="addNewNews()[pri:0, instance:news.NewsPageTests@7fa98a66]" started-at="2020-06-23T22:26:59Z" name="addNewNews" finished-at="2020-06-23T22:27:01Z" duration-ms="1859" status="PASS">
          <reporter-output>
          </reporter-output>
        </test-method> <!-- addNewNews -->
        <test-method signature="addNewsWithoutHeading()[pri:0, instance:news.NewsPageTests@7fa98a66]" started-at="2020-06-23T22:27:01Z" name="addNewsWithoutHeading" finished-at="2020-06-23T22:27:01Z" duration-ms="491" status="FAIL">
          <exception class="java.lang.AssertionError">
            <message>
              <![CDATA[News without a title is added expected [b] but found [a]]]>
            </message>
            <full-stacktrace>
              <![CDATA[java.lang.AssertionError: News without a title is added expected [b] but found [a]
at org.testng.Assert.fail(Assert.java:96)
at org.testng.Assert.failNotEquals(Assert.java:776)
at org.testng.Assert.assertEqualsImpl(Assert.java:137)
at org.testng.Assert.assertEquals(Assert.java:118)
at org.testng.Assert.assertEquals(Assert.java:453)
at news.NewsPageTests.addNewsWithoutHeading(NewsPageTests.java:43)
at java.base/jdk.internal.reflect.NativeMethodAccessorImpl.invoke0(Native Method)
at java.base/jdk.internal.reflect.NativeMethodAccessorImpl.invoke(NativeMethodAccessorImpl.java:62)
at java.base/jdk.internal.reflect.DelegatingMethodAccessorImpl.invoke(DelegatingMethodAccessorImpl.java:43)
at java.base/java.lang.reflect.Method.invoke(Method.java:566)
at org.testng.internal.MethodInvocationHelper.invokeMethod(MethodInvocationHelper.java:124)
at org.testng.internal.Invoker.invokeMethod(Invoker.java:583)
at org.testng.internal.Invoker.invokeTestMethod(Invoker.java:719)
at org.testng.internal.Invoker.invokeTestMethods(Invoker.java:989)
at org.testng.internal.TestMethodWorker.invokeTestMethods(TestMethodWorker.java:125)
at org.testng.internal.TestMethodWorker.run(TestMethodWorker.java:109)
at org.testng.TestRunner.privateRun(TestRunner.java:648)
at org.testng.TestRunner.run(TestRunner.java:505)
at org.testng.SuiteRunner.runTest(SuiteRunner.java:455)
at org.testng.SuiteRunner.access$000(SuiteRunner.java:40)
at org.testng.SuiteRunner$SuiteWorker.run(SuiteRunner.java:489)
at org.testng.internal.thread.ThreadUtil$1.call(ThreadUtil.java:52)
at java.base/java.util.concurrent.FutureTask.run(FutureTask.java:264)
at java.base/java.util.concurrent.ThreadPoolExecutor.runWorker(ThreadPoolExecutor.java:1128)
at java.base/java.util.concurrent.ThreadPoolExecutor$Worker.run(ThreadPoolExecutor.java:628)
at java.base/java.lang.Thread.run(Thread.java:834)
]]>
            </full-stacktrace>
          </exception> <!-- java.lang.AssertionError -->
          <reporter-output>
          </reporter-output>
        </test-method> <!-- addNewsWithoutHeading -->
        <test-method signature="addNewsWithoutBody()[pri:0, instance:news.NewsPageTests@7fa98a66]" started-at="2020-06-23T22:27:01Z" name="addNewsWithoutBody" finished-at="2020-06-23T22:27:01Z" duration-ms="404" status="FAIL">
          <exception class="java.lang.AssertionError">
            <message>
              <![CDATA[News without a body is added expected [b] but found [a]]]>
            </message>
            <full-stacktrace>
              <![CDATA[java.lang.AssertionError: News without a body is added expected [b] but found [a]
at org.testng.Assert.fail(Assert.java:96)
at org.testng.Assert.failNotEquals(Assert.java:776)
at org.testng.Assert.assertEqualsImpl(Assert.java:137)
at org.testng.Assert.assertEquals(Assert.java:118)
at org.testng.Assert.assertEquals(Assert.java:453)
at news.NewsPageTests.addNewsWithoutBody(NewsPageTests.java:54)
at java.base/jdk.internal.reflect.NativeMethodAccessorImpl.invoke0(Native Method)
at java.base/jdk.internal.reflect.NativeMethodAccessorImpl.invoke(NativeMethodAccessorImpl.java:62)
at java.base/jdk.internal.reflect.DelegatingMethodAccessorImpl.invoke(DelegatingMethodAccessorImpl.java:43)
at java.base/java.lang.reflect.Method.invoke(Method.java:566)
at org.testng.internal.MethodInvocationHelper.invokeMethod(MethodInvocationHelper.java:124)
at org.testng.internal.Invoker.invokeMethod(Invoker.java:583)
at org.testng.internal.Invoker.invokeTestMethod(Invoker.java:719)
at org.testng.internal.Invoker.invokeTestMethods(Invoker.java:989)
at org.testng.internal.TestMethodWorker.invokeTestMethods(TestMethodWorker.java:125)
at org.testng.internal.TestMethodWorker.run(TestMethodWorker.java:109)
at org.testng.TestRunner.privateRun(TestRunner.java:648)
at org.testng.TestRunner.run(TestRunner.java:505)
at org.testng.SuiteRunner.runTest(SuiteRunner.java:455)
at org.testng.SuiteRunner.access$000(SuiteRunner.java:40)
at org.testng.SuiteRunner$SuiteWorker.run(SuiteRunner.java:489)
at org.testng.internal.thread.ThreadUtil$1.call(ThreadUtil.java:52)
at java.base/java.util.concurrent.FutureTask.run(FutureTask.java:264)
at java.base/java.util.concurrent.ThreadPoolExecutor.runWorker(ThreadPoolExecutor.java:1128)
at java.base/java.util.concurrent.ThreadPoolExecutor$Worker.run(ThreadPoolExecutor.java:628)
at java.base/java.lang.Thread.run(Thread.java:834)
]]>
            </full-stacktrace>
          </exception> <!-- java.lang.AssertionError -->
          <reporter-output>
          </reporter-output>
        </test-method> <!-- addNewsWithoutBody -->
        <test-method is-config="true" signature="cleanUp()[pri:0, instance:news.NewsPageTests@7fa98a66]" started-at="2020-06-23T22:27:01Z" name="cleanUp" finished-at="2020-06-23T22:27:02Z" duration-ms="142" status="PASS">
          <reporter-output>
          </reporter-output>
        </test-method> <!-- cleanUp -->
      </class> <!-- news.NewsPageTests -->
      <class name="cart.CartPageTests">
        <test-method is-config="true" signature="setUpReport()[pri:0, instance:cart.CartPageTests@1a451d4d]" started-at="2020-06-23T22:26:31Z" name="setUpReport" finished-at="2020-06-23T22:26:31Z" duration-ms="536" status="PASS">
          <reporter-output>
          </reporter-output>
        </test-method> <!-- setUpReport -->
        <test-method is-config="true" signature="setUp(java.lang.String)[pri:0, instance:cart.CartPageTests@1a451d4d]" started-at="2020-06-23T22:26:31Z" name="setUp" finished-at="2020-06-23T22:26:41Z" duration-ms="9269" status="PASS">
          <params>
            <param index="0">
              <value>
                <![CDATA[opera]]>
              </value>
            </param>
          </params>
          <reporter-output>
          </reporter-output>
        </test-method> <!-- setUp -->
        <test-method signature="testAddToCart()[pri:0, instance:cart.CartPageTests@1a451d4d]" started-at="2020-06-23T22:26:41Z" name="testAddToCart" finished-at="2020-06-23T22:26:42Z" duration-ms="1021" status="PASS">
          <reporter-output>
          </reporter-output>
        </test-method> <!-- testAddToCart -->
        <test-method signature="testEditCartQuantity()[pri:0, instance:cart.CartPageTests@1a451d4d]" started-at="2020-06-23T22:26:42Z" name="testEditCartQuantity" finished-at="2020-06-23T22:26:42Z" duration-ms="593" status="PASS">
          <reporter-output>
          </reporter-output>
        </test-method> <!-- testEditCartQuantity -->
        <test-method signature="testDeleteFromCart()[pri:0, instance:cart.CartPageTests@1a451d4d]" started-at="2020-06-23T22:26:42Z" name="testDeleteFromCart" finished-at="2020-06-23T22:26:43Z" duration-ms="632" status="PASS">
          <reporter-output>
          </reporter-output>
        </test-method> <!-- testDeleteFromCart -->
        <test-method signature="testEditWithInvalidInput()[pri:0, instance:cart.CartPageTests@1a451d4d]" started-at="2020-06-23T22:26:43Z" name="testEditWithInvalidInput" finished-at="2020-06-23T22:26:43Z" duration-ms="41" status="PASS">
          <reporter-output>
          </reporter-output>
        </test-method> <!-- testEditWithInvalidInput -->
        <test-method signature="testValidCoupon()[pri:0, instance:cart.CartPageTests@1a451d4d]" started-at="2020-06-23T22:26:43Z" name="testValidCoupon" finished-at="2020-06-23T22:26:43Z" duration-ms="40" status="PASS">
          <reporter-output>
          </reporter-output>
        </test-method> <!-- testValidCoupon -->
        <test-method signature="testInvalidCoupon()[pri:0, instance:cart.CartPageTests@1a451d4d]" started-at="2020-06-23T22:26:43Z" name="testInvalidCoupon" finished-at="2020-06-23T22:26:43Z" duration-ms="49" status="PASS">
          <reporter-output>
          </reporter-output>
        </test-method> <!-- testInvalidCoupon -->
        <test-method signature="testDeleteValidCoupon()[pri:0, instance:cart.CartPageTests@1a451d4d]" started-at="2020-06-23T22:26:43Z" name="testDeleteValidCoupon" finished-at="2020-06-23T22:26:43Z" duration-ms="35" status="PASS">
          <reporter-output>
          </reporter-output>
        </test-method> <!-- testDeleteValidCoupon -->
        <test-method is-config="true" signature="cleanUp()[pri:0, instance:cart.CartPageTests@1a451d4d]" started-at="2020-06-23T22:26:43Z" name="cleanUp" finished-at="2020-06-23T22:26:43Z" duration-ms="256" status="PASS">
          <reporter-output>
          </reporter-output>
        </test-method> <!-- cleanUp -->
      </class> <!-- cart.CartPageTests -->
    </test> <!-- OperaTests -->
    <test started-at="2020-06-23T22:26:31Z" name="FirefoxTests" finished-at="2020-06-23T22:27:03Z" duration-ms="32031">
      <class name="cart.CartPageTests">
        <test-method is-config="true" signature="setUp(java.lang.String)[pri:0, instance:cart.CartPageTests@619713e5]" started-at="2020-06-23T22:26:31Z" name="setUp" finished-at="2020-06-23T22:26:45Z" duration-ms="13351" status="PASS">
          <params>
            <param index="0">
              <value>
                <![CDATA[firefox]]>
              </value>
            </param>
          </params>
          <reporter-output>
          </reporter-output>
        </test-method> <!-- setUp -->
        <test-method signature="testAddToCart()[pri:0, instance:cart.CartPageTests@619713e5]" started-at="2020-06-23T22:26:45Z" name="testAddToCart" finished-at="2020-06-23T22:26:46Z" duration-ms="1432" status="PASS">
          <reporter-output>
          </reporter-output>
        </test-method> <!-- testAddToCart -->
        <test-method signature="testEditCartQuantity()[pri:0, instance:cart.CartPageTests@619713e5]" started-at="2020-06-23T22:26:46Z" name="testEditCartQuantity" finished-at="2020-06-23T22:26:47Z" duration-ms="1065" status="PASS">
          <reporter-output>
          </reporter-output>
        </test-method> <!-- testEditCartQuantity -->
        <test-method signature="testDeleteFromCart()[pri:0, instance:cart.CartPageTests@619713e5]" started-at="2020-06-23T22:26:47Z" name="testDeleteFromCart" finished-at="2020-06-23T22:26:48Z" duration-ms="787" status="PASS">
          <reporter-output>
          </reporter-output>
        </test-method> <!-- testDeleteFromCart -->
        <test-method signature="testEditWithInvalidInput()[pri:0, instance:cart.CartPageTests@619713e5]" started-at="2020-06-23T22:26:48Z" name="testEditWithInvalidInput" finished-at="2020-06-23T22:26:48Z" duration-ms="80" status="PASS">
          <reporter-output>
          </reporter-output>
        </test-method> <!-- testEditWithInvalidInput -->
        <test-method signature="testValidCoupon()[pri:0, instance:cart.CartPageTests@619713e5]" started-at="2020-06-23T22:26:48Z" name="testValidCoupon" finished-at="2020-06-23T22:26:48Z" duration-ms="95" status="PASS">
          <reporter-output>
          </reporter-output>
        </test-method> <!-- testValidCoupon -->
        <test-method signature="testInvalidCoupon()[pri:0, instance:cart.CartPageTests@619713e5]" started-at="2020-06-23T22:26:48Z" name="testInvalidCoupon" finished-at="2020-06-23T22:26:48Z" duration-ms="79" status="PASS">
          <reporter-output>
          </reporter-output>
        </test-method> <!-- testInvalidCoupon -->
        <test-method signature="testDeleteValidCoupon()[pri:0, instance:cart.CartPageTests@619713e5]" started-at="2020-06-23T22:26:48Z" name="testDeleteValidCoupon" finished-at="2020-06-23T22:26:48Z" duration-ms="74" status="PASS">
          <reporter-output>
          </reporter-output>
        </test-method> <!-- testDeleteValidCoupon -->
        <test-method is-config="true" signature="cleanUp()[pri:0, instance:cart.CartPageTests@619713e5]" started-at="2020-06-23T22:26:48Z" name="cleanUp" finished-at="2020-06-23T22:26:51Z" duration-ms="2133" status="PASS">
          <reporter-output>
          </reporter-output>
        </test-method> <!-- cleanUp -->
      </class> <!-- cart.CartPageTests -->
      <class name="news.NewsPageTests">
        <test-method is-config="true" signature="setUp(java.lang.String)[pri:0, instance:news.NewsPageTests@708f5957]" started-at="2020-06-23T22:26:51Z" name="setUp" finished-at="2020-06-23T22:26:58Z" duration-ms="7819" status="PASS">
          <params>
            <param index="0">
              <value>
                <![CDATA[firefox]]>
              </value>
            </param>
          </params>
          <reporter-output>
          </reporter-output>
        </test-method> <!-- setUp -->
        <test-method signature="isNewsPage()[pri:0, instance:news.NewsPageTests@708f5957]" started-at="2020-06-23T22:26:58Z" name="isNewsPage" finished-at="2020-06-23T22:26:59Z" duration-ms="463" status="PASS">
          <reporter-output>
          </reporter-output>
        </test-method> <!-- isNewsPage -->
        <test-method signature="addNewNews()[pri:0, instance:news.NewsPageTests@708f5957]" started-at="2020-06-23T22:26:59Z" name="addNewNews" finished-at="2020-06-23T22:26:59Z" duration-ms="412" status="PASS">
          <reporter-output>
          </reporter-output>
        </test-method> <!-- addNewNews -->
        <test-method signature="addNewsWithoutHeading()[pri:0, instance:news.NewsPageTests@708f5957]" started-at="2020-06-23T22:26:59Z" name="addNewsWithoutHeading" finished-at="2020-06-23T22:27:00Z" duration-ms="267" status="FAIL">
          <exception class="java.lang.AssertionError">
            <message>
              <![CDATA[News without a title is added expected [b] but found [a]]]>
            </message>
            <full-stacktrace>
              <![CDATA[java.lang.AssertionError: News without a title is added expected [b] but found [a]
at org.testng.Assert.fail(Assert.java:96)
at org.testng.Assert.failNotEquals(Assert.java:776)
at org.testng.Assert.assertEqualsImpl(Assert.java:137)
at org.testng.Assert.assertEquals(Assert.java:118)
at org.testng.Assert.assertEquals(Assert.java:453)
at news.NewsPageTests.addNewsWithoutHeading(NewsPageTests.java:43)
at java.base/jdk.internal.reflect.NativeMethodAccessorImpl.invoke0(Native Method)
at java.base/jdk.internal.reflect.NativeMethodAccessorImpl.invoke(NativeMethodAccessorImpl.java:62)
at java.base/jdk.internal.reflect.DelegatingMethodAccessorImpl.invoke(DelegatingMethodAccessorImpl.java:43)
at java.base/java.lang.reflect.Method.invoke(Method.java:566)
at org.testng.internal.MethodInvocationHelper.invokeMethod(MethodInvocationHelper.java:124)
at org.testng.internal.Invoker.invokeMethod(Invoker.java:583)
at org.testng.internal.Invoker.invokeTestMethod(Invoker.java:719)
at org.testng.internal.Invoker.invokeTestMethods(Invoker.java:989)
at org.testng.internal.TestMethodWorker.invokeTestMethods(TestMethodWorker.java:125)
at org.testng.internal.TestMethodWorker.run(TestMethodWorker.java:109)
at org.testng.TestRunner.privateRun(TestRunner.java:648)
at org.testng.TestRunner.run(TestRunner.java:505)
at org.testng.SuiteRunner.runTest(SuiteRunner.java:455)
at org.testng.SuiteRunner.access$000(SuiteRunner.java:40)
at org.testng.SuiteRunner$SuiteWorker.run(SuiteRunner.java:489)
at org.testng.internal.thread.ThreadUtil$1.call(ThreadUtil.java:52)
at java.base/java.util.concurrent.FutureTask.run(FutureTask.java:264)
at java.base/java.util.concurrent.ThreadPoolExecutor.runWorker(ThreadPoolExecutor.java:1128)
at java.base/java.util.concurrent.ThreadPoolExecutor$Worker.run(ThreadPoolExecutor.java:628)
at java.base/java.lang.Thread.run(Thread.java:834)
]]>
            </full-stacktrace>
          </exception> <!-- java.lang.AssertionError -->
          <reporter-output>
          </reporter-output>
        </test-method> <!-- addNewsWithoutHeading -->
        <test-method signature="addNewsWithoutBody()[pri:0, instance:news.NewsPageTests@708f5957]" started-at="2020-06-23T22:27:00Z" name="addNewsWithoutBody" finished-at="2020-06-23T22:27:00Z" duration-ms="243" status="FAIL">
          <exception class="java.lang.AssertionError">
            <message>
              <![CDATA[News without a body is added expected [b] but found [a]]]>
            </message>
            <full-stacktrace>
              <![CDATA[java.lang.AssertionError: News without a body is added expected [b] but found [a]
at org.testng.Assert.fail(Assert.java:96)
at org.testng.Assert.failNotEquals(Assert.java:776)
at org.testng.Assert.assertEqualsImpl(Assert.java:137)
at org.testng.Assert.assertEquals(Assert.java:118)
at org.testng.Assert.assertEquals(Assert.java:453)
at news.NewsPageTests.addNewsWithoutBody(NewsPageTests.java:54)
at java.base/jdk.internal.reflect.NativeMethodAccessorImpl.invoke0(Native Method)
at java.base/jdk.internal.reflect.NativeMethodAccessorImpl.invoke(NativeMethodAccessorImpl.java:62)
at java.base/jdk.internal.reflect.DelegatingMethodAccessorImpl.invoke(DelegatingMethodAccessorImpl.java:43)
at java.base/java.lang.reflect.Method.invoke(Method.java:566)
at org.testng.internal.MethodInvocationHelper.invokeMethod(MethodInvocationHelper.java:124)
at org.testng.internal.Invoker.invokeMethod(Invoker.java:583)
at org.testng.internal.Invoker.invokeTestMethod(Invoker.java:719)
at org.testng.internal.Invoker.invokeTestMethods(Invoker.java:989)
at org.testng.internal.TestMethodWorker.invokeTestMethods(TestMethodWorker.java:125)
at org.testng.internal.TestMethodWorker.run(TestMethodWorker.java:109)
at org.testng.TestRunner.privateRun(TestRunner.java:648)
at org.testng.TestRunner.run(TestRunner.java:505)
at org.testng.SuiteRunner.runTest(SuiteRunner.java:455)
at org.testng.SuiteRunner.access$000(SuiteRunner.java:40)
at org.testng.SuiteRunner$SuiteWorker.run(SuiteRunner.java:489)
at org.testng.internal.thread.ThreadUtil$1.call(ThreadUtil.java:52)
at java.base/java.util.concurrent.FutureTask.run(FutureTask.java:264)
at java.base/java.util.concurrent.ThreadPoolExecutor.runWorker(ThreadPoolExecutor.java:1128)
at java.base/java.util.concurrent.ThreadPoolExecutor$Worker.run(ThreadPoolExecutor.java:628)
at java.base/java.lang.Thread.run(Thread.java:834)
]]>
            </full-stacktrace>
          </exception> <!-- java.lang.AssertionError -->
          <reporter-output>
          </reporter-output>
        </test-method> <!-- addNewsWithoutBody -->
        <test-method is-config="true" signature="cleanUp()[pri:0, instance:news.NewsPageTests@708f5957]" started-at="2020-06-23T22:27:00Z" name="cleanUp" finished-at="2020-06-23T22:27:03Z" duration-ms="3693" status="PASS">
          <reporter-output>
          </reporter-output>
        </test-method> <!-- cleanUp -->
      </class> <!-- news.NewsPageTests -->
    </test> <!-- FirefoxTests -->
  </suite> <!-- All Test Suite -->
</testng-results>
